<?xml version="1.0" encoding="UTF-8"?>
<!-- Generated by org.testng.reporters.JUnitXMLReporter -->
<testsuite hostname="GISBIZ-LTP-85" name="Test" tests="4" failures="0" timestamp="16 Aug 2018 08:14:12 GMT" time="102.463" errors="0">
  <testcase name="createLead" time="25.937" classname="reportsTestday6.CreateLead"/>
  <testcase name="createLead" time="6.955" classname="reportsTestday6.CreateLead"/>
  <testcase name="createLead" time="6.529" classname="reportsTestday6.CreateLead"/>
  <testcase name="EditLeadTest" time="12.359" classname="reportsTestday6.EditLead"/>
</testsuite> <!-- Test -->
